app/build/intermediates/manifest_merge_blame_file/debug/manifest-merger-blame-debug-report.txt
1<?xml version="1.0" encoding="utf-8"?>
2<manifest xmlns:android="http://schemas.android.com/apk/res/android"
3    package="com.example.projectchicchic"
4    android:versionCode="1"
5    android:versionName="1.0" >
6
7    <uses-sdk
8        android:minSdkVersion="28"
8-->src\main\AndroidManifest.xml
9        android:targetSdkVersion="30" />
9-->src\main\AndroidManifest.xml
10
11    <permission
11-->src\main\AndroidManifest.xml:86:5-88:47
12        android:name="in.wptrafficanalyzer.locationattouchedpositionv2.permission.MAPS_RECEIVE"
12-->src\main\AndroidManifest.xml:87:9-96
13        android:protectionLevel="signature" />
13-->src\main\AndroidManifest.xml:88:9-44
14
15    <uses-feature
15-->src\main\AndroidManifest.xml:90:5-92:35
16        android:glEsVersion="0x00020000"
16-->src\main\AndroidManifest.xml:91:9-41
17        android:required="true" />
17-->src\main\AndroidManifest.xml:92:9-32
18
19    <uses-permission android:name="android.permission.ACCESS_FINE_LOCATION" />
19-->src\main\AndroidManifest.xml:93:5-79
19-->src\main\AndroidManifest.xml:93:22-76
20    <uses-permission android:name="in.wptrafficanalyzer.locationattouchedpositionv2.permission.MAPS_RECEIVE" />
20-->src\main\AndroidManifest.xml:94:5-112
20-->src\main\AndroidManifest.xml:94:22-109
21    <uses-permission android:name="android.permission.INTERNET" />
21-->src\main\AndroidManifest.xml:95:5-67
21-->src\main\AndroidManifest.xml:95:22-64
22    <uses-permission android:name="android.permission.WRITE_EXTERNAL_STORAGE" />
22-->src\main\AndroidManifest.xml:96:5-81
22-->src\main\AndroidManifest.xml:96:22-78
23    <uses-permission android:name="com.google.android.providers.gsf.permission.READ_GSERVICES" />
23-->src\main\AndroidManifest.xml:97:5-98
23-->src\main\AndroidManifest.xml:97:22-95
24    <uses-permission android:name="android.permission.ACCESS_COARSE_LOCATION" />
24-->src\main\AndroidManifest.xml:98:5-81
24-->src\main\AndroidManifest.xml:98:22-78
25    <uses-permission android:name="android.permission.ACCESS_NETWORK_STATE" />
25-->src\main\AndroidManifest.xml:99:5-79
25-->src\main\AndroidManifest.xml:99:22-76
26    <uses-permission android:name="android.permission.CAMERA" />
26-->src\main\AndroidManifest.xml:100:5-65
26-->src\main\AndroidManifest.xml:100:22-62
27    <uses-permission android:name="android.permission.READ_EXTERNAL_STORAGE" />
27-->src\main\AndroidManifest.xml:102:5-80
27-->src\main\AndroidManifest.xml:102:22-77
28    <uses-permission android:name="android.permission.ACCESS_WIFI_STATE" />
28-->[com.google.android.libraries.places:places:2.4.0] AndroidManifest.xml:10:5-76
28-->[com.google.android.libraries.places:places:2.4.0] AndroidManifest.xml:10:22-73
29    <uses-permission android:name="android.permission.WAKE_LOCK" />
29-->[com.google.android.gms:play-services-measurement:17.6.0] AndroidManifest.xml:25:5-68
29-->[com.google.android.gms:play-services-measurement:17.6.0] AndroidManifest.xml:25:22-65
30    <uses-permission android:name="com.google.android.finsky.permission.BIND_GET_INSTALL_REFERRER_SERVICE" />
30-->[com.google.android.gms:play-services-measurement:17.6.0] AndroidManifest.xml:26:5-110
30-->[com.google.android.gms:play-services-measurement:17.6.0] AndroidManifest.xml:26:22-107
31
32    <queries>
32-->[com.google.android.gms:play-services-maps:17.0.1] AndroidManifest.xml:30:5-34:15
33
34        <!-- Needs to be explicitly declared on Android R+ -->
35        <package android:name="com.google.android.apps.maps" />
35-->[com.google.android.gms:play-services-maps:17.0.1] AndroidManifest.xml:33:9-64
35-->[com.google.android.gms:play-services-maps:17.0.1] AndroidManifest.xml:33:18-61
36    </queries>
37
38    <uses-permission android:name="android.permission.VIBRATE" />
38-->[io.card:android-sdk:5.5.1] AndroidManifest.xml:10:5-66
38-->[io.card:android-sdk:5.5.1] AndroidManifest.xml:10:22-63
39
40    <uses-feature
40-->[io.card:android-sdk:5.5.1] AndroidManifest.xml:12:5-14:36
41        android:name="android.hardware.camera"
41-->[io.card:android-sdk:5.5.1] AndroidManifest.xml:13:9-47
42        android:required="false" />
42-->[io.card:android-sdk:5.5.1] AndroidManifest.xml:14:9-33
43    <uses-feature
43-->[io.card:android-sdk:5.5.1] AndroidManifest.xml:15:5-17:36
44        android:name="android.hardware.camera.autofocus"
44-->[io.card:android-sdk:5.5.1] AndroidManifest.xml:16:9-57
45        android:required="false" />
45-->[io.card:android-sdk:5.5.1] AndroidManifest.xml:17:9-33
46
47    <application
47-->src\main\AndroidManifest.xml:6:5-84:19
48        android:allowBackup="true"
48-->src\main\AndroidManifest.xml:7:9-35
49        android:appComponentFactory="androidx.core.app.CoreComponentFactory"
49-->[androidx.core:core:1.5.0-beta01] AndroidManifest.xml:24:18-86
50        android:debuggable="true"
51        android:extractNativeLibs="false"
52        android:icon="@mipmap/ic_launcher"
52-->src\main\AndroidManifest.xml:8:9-43
53        android:label="@string/app_name"
53-->src\main\AndroidManifest.xml:9:9-41
54        android:roundIcon="@mipmap/ic_launcher_round"
54-->src\main\AndroidManifest.xml:10:9-54
55        android:supportsRtl="true"
55-->src\main\AndroidManifest.xml:11:9-35
56        android:testOnly="true"
57        android:theme="@style/AppTheme" >
57-->src\main\AndroidManifest.xml:12:9-40
58        <activity android:name="com.example.projectchicchic.HomePartner" />
58-->src\main\AndroidManifest.xml:13:9-58
58-->src\main\AndroidManifest.xml:13:19-46
59        <!--
60             The API key for Google Maps-based APIs is defined as a string resource.
61             (See the file "res/values/google_maps_api.xml").
62             Note that the API key is linked to the encryption key used to sign the APK.
63             You need a different API key for each encryption key, including the release key that is used to
64             sign the APK for publishing.
65             You can define the keys for the debug and release targets in src/debug/ and src/release/.
66        -->
67        <activity
67-->src\main\AndroidManifest.xml:22:9-24:59
68            android:name="com.example.projectchicchic.NearbyPlaces.MapsActivity"
68-->src\main\AndroidManifest.xml:23:13-54
69            android:label="@string/title_activity_maps" />
69-->src\main\AndroidManifest.xml:24:13-56
70        <activity android:name="com.example.projectchicchic.wrapper" />
70-->src\main\AndroidManifest.xml:25:9-45
70-->src\main\AndroidManifest.xml:25:19-42
71        <!--
72             The API key for Google Maps-based APIs is defined as a string resource.
73             (See the file "res/values/google_maps_api.xml").
74             Note that the API key is linked to the encryption key used to sign the APK.
75             You need a different API key for each encryption key, including the release key that is used to
76             sign the APK for publishing.
77             You can define the keys for the debug and release targets in src/debug/ and src/release/.
78        -->
79        <activity android:name="com.example.projectchicchic.pay_success" />
79-->src\main\AndroidManifest.xml:34:9-49
79-->src\main\AndroidManifest.xml:34:19-46
80        <activity android:name="com.example.projectchicchic.payment" />
80-->src\main\AndroidManifest.xml:35:9-45
80-->src\main\AndroidManifest.xml:35:19-42
81        <activity android:name="com.example.projectchicchic.Amount" />
81-->src\main\AndroidManifest.xml:36:9-44
81-->src\main\AndroidManifest.xml:36:19-41
82        <!--
83             The API key for Google Maps-based APIs is defined as a string resource.
84             (See the file "res/values/google_maps_api.xml").
85             Note that the API key is linked to the encryption key used to sign the APK.
86             You need a different API key for each encryption key, including the release key that is used to
87             sign the APK for publishing.
88             You can define the keys for the debug and release targets in src/debug/ and src/release/.
89        -->
90        <activity android:name="com.example.projectchicchic.HomeScreen" />
90-->src\main\AndroidManifest.xml:45:9-48
90-->src\main\AndroidManifest.xml:45:19-45
91        <activity android:name="com.example.projectchicchic.bookingConfirm" />
91-->src\main\AndroidManifest.xml:46:9-52
91-->src\main\AndroidManifest.xml:46:19-49
92        <activity android:name="com.example.projectchicchic.bookingDownPayment" />
92-->src\main\AndroidManifest.xml:47:9-56
92-->src\main\AndroidManifest.xml:47:19-53
93        <activity android:name="com.example.projectchicchic.bookingSuccess" />
93-->src\main\AndroidManifest.xml:48:9-52
93-->src\main\AndroidManifest.xml:48:19-49
94        <activity android:name="com.example.projectchicchic.Information" />
94-->src\main\AndroidManifest.xml:49:9-49
94-->src\main\AndroidManifest.xml:49:19-46
95        <activity android:name="com.example.projectchicchic.bookingService" />
95-->src\main\AndroidManifest.xml:50:9-52
95-->src\main\AndroidManifest.xml:50:19-49
96        <activity android:name="com.example.projectchicchic.UploadActivity" />
96-->src\main\AndroidManifest.xml:51:9-52
96-->src\main\AndroidManifest.xml:51:19-49
97        <activity android:name="com.example.projectchicchic.imageUpload" />
97-->src\main\AndroidManifest.xml:52:9-49
97-->src\main\AndroidManifest.xml:52:19-46
98        <activity android:name="com.example.projectchicchic.LoginUser" />
98-->src\main\AndroidManifest.xml:53:9-47
98-->src\main\AndroidManifest.xml:53:19-44
99        <activity android:name="com.example.projectchicchic.Login.register_business" />
99-->src\main\AndroidManifest.xml:54:9-61
99-->src\main\AndroidManifest.xml:54:19-58
100        <activity android:name="com.example.projectchicchic.Login.register_user" />
100-->src\main\AndroidManifest.xml:55:9-57
100-->src\main\AndroidManifest.xml:55:19-54
101        <activity android:name="com.example.projectchicchic.Login.Login_Activity" />
101-->src\main\AndroidManifest.xml:56:9-58
101-->src\main\AndroidManifest.xml:56:19-55
102        <activity android:name="com.example.projectchicchic.into.IntoActivity" >
102-->src\main\AndroidManifest.xml:57:9-65:20
102-->src\main\AndroidManifest.xml:58:13-46
103            <intent-filter>
103-->src\main\AndroidManifest.xml:60:13-64:29
104                <action android:name="android.intent.action.MAIN" />
104-->src\main\AndroidManifest.xml:61:17-69
104-->src\main\AndroidManifest.xml:61:25-66
105
106                <category android:name="android.intent.category.LAUNCHER" />
106-->src\main\AndroidManifest.xml:63:17-77
106-->src\main\AndroidManifest.xml:63:27-74
107            </intent-filter>
108        </activity>
109        <activity
109-->src\main\AndroidManifest.xml:66:9-69:45
110            android:name="com.theartofdev.edmodo.cropper.CropImageActivity"
110-->src\main\AndroidManifest.xml:67:13-76
111            android:screenOrientation="portrait" />
111-->src\main\AndroidManifest.xml:68:13-49
112        <activity android:name="com.example.projectchicchic.MainActivity" />
112-->src\main\AndroidManifest.xml:70:9-72:45
112-->src\main\AndroidManifest.xml:71:13-41
113
114        <meta-data
114-->src\main\AndroidManifest.xml:74:9-76:55
115            android:name="com.google.android.geo.API_KEY"
115-->src\main\AndroidManifest.xml:75:13-58
116            android:value="@string/google_maps_key" />
116-->src\main\AndroidManifest.xml:76:13-52
117        <meta-data
117-->src\main\AndroidManifest.xml:77:9-79:55
118            android:name="com.facebook.sdk.ApplicationId"
118-->src\main\AndroidManifest.xml:78:13-58
119            android:value="@string/facebook_app_id" />
119-->src\main\AndroidManifest.xml:79:13-52
120
121        <uses-library
121-->src\main\AndroidManifest.xml:81:9-83:40
122            android:name="org.apache.http.legacy"
122-->src\main\AndroidManifest.xml:82:13-50
123            android:required="false" />
123-->src\main\AndroidManifest.xml:83:13-37
124
125        <activity
125-->[com.karumi:dexter:6.2.2] AndroidManifest.xml:27:9-29:72
126            android:name="com.karumi.dexter.DexterActivity"
126-->[com.karumi:dexter:6.2.2] AndroidManifest.xml:28:13-60
127            android:theme="@style/Dexter.Internal.Theme.Transparent" />
127-->[com.karumi:dexter:6.2.2] AndroidManifest.xml:29:13-69
128        <activity
128-->[com.google.android.libraries.places:places:2.4.0] AndroidManifest.xml:14:9-20:20
129            android:name="com.google.android.libraries.places.widget.AutocompleteActivity"
129-->[com.google.android.libraries.places:places:2.4.0] AndroidManifest.xml:15:13-91
130            android:exported="false"
130-->[com.google.android.libraries.places:places:2.4.0] AndroidManifest.xml:16:13-37
131            android:label="@string/places_autocomplete_label"
131-->[com.google.android.libraries.places:places:2.4.0] AndroidManifest.xml:17:13-62
132            android:theme="@style/PlacesAutocompleteOverlay"
132-->[com.google.android.libraries.places:places:2.4.0] AndroidManifest.xml:18:13-61
133            android:windowSoftInputMode="adjustResize" >
133-->[com.google.android.libraries.places:places:2.4.0] AndroidManifest.xml:19:13-55
134        </activity>
135        <activity
135-->[com.facebook.android:facebook-common:4.42.0] AndroidManifest.xml:29:9-32:66
136            android:name="com.facebook.FacebookActivity"
136-->[com.facebook.android:facebook-common:4.42.0] AndroidManifest.xml:30:13-57
137            android:configChanges="keyboard|keyboardHidden|screenLayout|screenSize|orientation"
137-->[com.facebook.android:facebook-common:4.42.0] AndroidManifest.xml:31:13-96
138            android:theme="@style/com_facebook_activity_theme" />
138-->[com.facebook.android:facebook-common:4.42.0] AndroidManifest.xml:32:13-63
139        <activity android:name="com.facebook.CustomTabMainActivity" />
139-->[com.facebook.android:facebook-common:4.42.0] AndroidManifest.xml:33:9-71
139-->[com.facebook.android:facebook-common:4.42.0] AndroidManifest.xml:33:19-68
140        <activity android:name="com.facebook.CustomTabActivity" />
140-->[com.facebook.android:facebook-common:4.42.0] AndroidManifest.xml:34:9-67
140-->[com.facebook.android:facebook-common:4.42.0] AndroidManifest.xml:34:19-64
141        <!--
142         The initialization ContentProvider will call FacebookSdk.sdkInitialize automatically
143         with the application context. This config is merged in with the host app's manifest,
144         but there can only be one provider with the same authority activated at any given
145         point; so if the end user has two or more different apps that use Facebook SDK, only the
146         first one will be able to use the provider. To work around this problem, we use the
147         following placeholder in the authority to identify each host application as if it was
148         a completely different provider.
149        -->
150        <provider
150-->[com.facebook.android:facebook-core:4.42.0] AndroidManifest.xml:39:9-42:40
151            android:name="com.facebook.internal.FacebookInitProvider"
151-->[com.facebook.android:facebook-core:4.42.0] AndroidManifest.xml:40:13-70
152            android:authorities="com.example.projectchicchic.FacebookInitProvider"
152-->[com.facebook.android:facebook-core:4.42.0] AndroidManifest.xml:41:13-72
153            android:exported="false" />
153-->[com.facebook.android:facebook-core:4.42.0] AndroidManifest.xml:42:13-37
154
155        <receiver
155-->[com.facebook.android:facebook-core:4.42.0] AndroidManifest.xml:44:9-50:20
156            android:name="com.facebook.CurrentAccessTokenExpirationBroadcastReceiver"
156-->[com.facebook.android:facebook-core:4.42.0] AndroidManifest.xml:45:13-86
157            android:exported="false" >
157-->[com.facebook.android:facebook-core:4.42.0] AndroidManifest.xml:46:13-37
158            <intent-filter>
158-->[com.facebook.android:facebook-core:4.42.0] AndroidManifest.xml:47:13-49:29
159                <action android:name="com.facebook.sdk.ACTION_CURRENT_ACCESS_TOKEN_CHANGED" />
159-->[com.facebook.android:facebook-core:4.42.0] AndroidManifest.xml:48:17-95
159-->[com.facebook.android:facebook-core:4.42.0] AndroidManifest.xml:48:25-92
160            </intent-filter>
161        </receiver>
162        <receiver
162-->[com.google.android.gms:play-services-measurement:17.6.0] AndroidManifest.xml:29:9-33:20
163            android:name="com.google.android.gms.measurement.AppMeasurementReceiver"
163-->[com.google.android.gms:play-services-measurement:17.6.0] AndroidManifest.xml:30:13-85
164            android:enabled="true"
164-->[com.google.android.gms:play-services-measurement:17.6.0] AndroidManifest.xml:31:13-35
165            android:exported="false" >
165-->[com.google.android.gms:play-services-measurement:17.6.0] AndroidManifest.xml:32:13-37
166        </receiver>
167
168        <service
168-->[com.google.android.gms:play-services-measurement:17.6.0] AndroidManifest.xml:35:9-38:40
169            android:name="com.google.android.gms.measurement.AppMeasurementService"
169-->[com.google.android.gms:play-services-measurement:17.6.0] AndroidManifest.xml:36:13-84
170            android:enabled="true"
170-->[com.google.android.gms:play-services-measurement:17.6.0] AndroidManifest.xml:37:13-35
171            android:exported="false" />
171-->[com.google.android.gms:play-services-measurement:17.6.0] AndroidManifest.xml:38:13-37
172        <service
172-->[com.google.android.gms:play-services-measurement:17.6.0] AndroidManifest.xml:39:9-43:72
173            android:name="com.google.android.gms.measurement.AppMeasurementJobService"
173-->[com.google.android.gms:play-services-measurement:17.6.0] AndroidManifest.xml:40:13-87
174            android:enabled="true"
174-->[com.google.android.gms:play-services-measurement:17.6.0] AndroidManifest.xml:41:13-35
175            android:exported="false"
175-->[com.google.android.gms:play-services-measurement:17.6.0] AndroidManifest.xml:42:13-37
176            android:permission="android.permission.BIND_JOB_SERVICE" />
176-->[com.google.android.gms:play-services-measurement:17.6.0] AndroidManifest.xml:43:13-69
177        <service
177-->[com.google.android.gms:play-services-measurement-api:17.6.0] AndroidManifest.xml:27:9-33:19
178            android:name="com.google.firebase.components.ComponentDiscoveryService"
178-->[com.google.android.gms:play-services-measurement-api:17.6.0] AndroidManifest.xml:28:13-84
179            android:directBootAware="true"
179-->[com.google.firebase:firebase-common:19.3.1] AndroidManifest.xml:35:13-43
180            android:exported="false" >
180-->[com.google.android.gms:play-services-measurement-api:17.6.0] AndroidManifest.xml:29:13-37
181            <meta-data
181-->[com.google.android.gms:play-services-measurement-api:17.6.0] AndroidManifest.xml:30:13-32:85
182                android:name="com.google.firebase.components:com.google.firebase.analytics.connector.internal.AnalyticsConnectorRegistrar"
182-->[com.google.android.gms:play-services-measurement-api:17.6.0] AndroidManifest.xml:31:17-139
183                android:value="com.google.firebase.components.ComponentRegistrar" />
183-->[com.google.android.gms:play-services-measurement-api:17.6.0] AndroidManifest.xml:32:17-82
184            <meta-data
184-->[com.google.firebase:firebase-auth:19.4.0] AndroidManifest.xml:36:13-38:85
185                android:name="com.google.firebase.components:com.google.firebase.auth.FirebaseAuthRegistrar"
185-->[com.google.firebase:firebase-auth:19.4.0] AndroidManifest.xml:37:17-109
186                android:value="com.google.firebase.components.ComponentRegistrar" />
186-->[com.google.firebase:firebase-auth:19.4.0] AndroidManifest.xml:38:17-82
187            <meta-data
187-->[com.google.firebase:firebase-storage:19.2.0] AndroidManifest.xml:33:13-35:85
188                android:name="com.google.firebase.components:com.google.firebase.storage.StorageRegistrar"
188-->[com.google.firebase:firebase-storage:19.2.0] AndroidManifest.xml:34:17-107
189                android:value="com.google.firebase.components.ComponentRegistrar" />
189-->[com.google.firebase:firebase-storage:19.2.0] AndroidManifest.xml:35:17-82
190            <meta-data
190-->[com.google.firebase:firebase-database:19.5.0] AndroidManifest.xml:32:13-34:85
191                android:name="com.google.firebase.components:com.google.firebase.database.DatabaseRegistrar"
191-->[com.google.firebase:firebase-database:19.5.0] AndroidManifest.xml:33:17-109
192                android:value="com.google.firebase.components.ComponentRegistrar" />
192-->[com.google.firebase:firebase-database:19.5.0] AndroidManifest.xml:34:17-82
193            <meta-data
193-->[com.google.firebase:firebase-firestore:22.0.0] AndroidManifest.xml:20:13-22:85
194                android:name="com.google.firebase.components:com.google.firebase.firestore.FirestoreRegistrar"
194-->[com.google.firebase:firebase-firestore:22.0.0] AndroidManifest.xml:21:17-111
195                android:value="com.google.firebase.components.ComponentRegistrar" />
195-->[com.google.firebase:firebase-firestore:22.0.0] AndroidManifest.xml:22:17-82
196            <meta-data
196-->[com.google.firebase:firebase-installations:16.3.2] AndroidManifest.xml:17:13-19:85
197                android:name="com.google.firebase.components:com.google.firebase.installations.FirebaseInstallationsRegistrar"
197-->[com.google.firebase:firebase-installations:16.3.2] AndroidManifest.xml:18:17-127
198                android:value="com.google.firebase.components.ComponentRegistrar" />
198-->[com.google.firebase:firebase-installations:16.3.2] AndroidManifest.xml:19:17-82
199        </service>
200
201        <activity
201-->[com.google.firebase:firebase-auth:19.4.0] AndroidManifest.xml:24:9-31:50
202            android:name="com.google.firebase.auth.internal.FederatedSignInActivity"
202-->[com.google.firebase:firebase-auth:19.4.0] AndroidManifest.xml:25:13-85
203            android:excludeFromRecents="true"
203-->[com.google.firebase:firebase-auth:19.4.0] AndroidManifest.xml:26:13-46
204            android:exported="true"
204-->[com.google.firebase:firebase-auth:19.4.0] AndroidManifest.xml:27:13-36
205            android:launchMode="singleTask"
205-->[com.google.firebase:firebase-auth:19.4.0] AndroidManifest.xml:28:13-44
206            android:permission="com.google.firebase.auth.api.gms.permission.LAUNCH_FEDERATED_SIGN_IN"
206-->[com.google.firebase:firebase-auth:19.4.0] AndroidManifest.xml:29:13-102
207            android:theme="@android:style/Theme.Translucent.NoTitleBar" />
207-->[com.google.firebase:firebase-auth:19.4.0] AndroidManifest.xml:30:13-72
208
209        <provider
209-->[com.squareup.picasso:picasso:2.71828] AndroidManifest.xml:8:9-11:40
210            android:name="com.squareup.picasso.PicassoProvider"
210-->[com.squareup.picasso:picasso:2.71828] AndroidManifest.xml:9:13-64
211            android:authorities="com.example.projectchicchic.com.squareup.picasso"
211-->[com.squareup.picasso:picasso:2.71828] AndroidManifest.xml:10:13-72
212            android:exported="false" />
212-->[com.squareup.picasso:picasso:2.71828] AndroidManifest.xml:11:13-37
213
214        <service
214-->[com.google.mlkit:object-detection:16.2.3] AndroidManifest.xml:8:9-14:19
215            android:name="com.google.mlkit.common.internal.MlKitComponentDiscoveryService"
215-->[com.google.mlkit:object-detection:16.2.3] AndroidManifest.xml:9:13-91
216            android:directBootAware="true"
216-->[com.google.mlkit:common:17.1.1] AndroidManifest.xml:17:13-43
217            android:exported="false" >
217-->[com.google.mlkit:object-detection:16.2.3] AndroidManifest.xml:10:13-37
218            <meta-data
218-->[com.google.mlkit:object-detection:16.2.3] AndroidManifest.xml:11:13-13:85
219                android:name="com.google.firebase.components:com.google.mlkit.vision.objects.defaults.internal.DefaultObjectsRegistrar"
219-->[com.google.mlkit:object-detection:16.2.3] AndroidManifest.xml:12:17-136
220                android:value="com.google.firebase.components.ComponentRegistrar" />
220-->[com.google.mlkit:object-detection:16.2.3] AndroidManifest.xml:13:17-82
221            <meta-data
221-->[com.google.mlkit:vision-internal-vkp:18.0.0] AndroidManifest.xml:11:13-13:85
222                android:name="com.google.firebase.components:com.google.mlkit.vision.vkp.VkpRegistrar"
222-->[com.google.mlkit:vision-internal-vkp:18.0.0] AndroidManifest.xml:12:17-103
223                android:value="com.google.firebase.components.ComponentRegistrar" />
223-->[com.google.mlkit:vision-internal-vkp:18.0.0] AndroidManifest.xml:13:17-82
224            <meta-data
224-->[com.google.mlkit:vision-common:16.3.0] AndroidManifest.xml:12:13-14:85
225                android:name="com.google.firebase.components:com.google.mlkit.vision.common.internal.VisionCommonRegistrar"
225-->[com.google.mlkit:vision-common:16.3.0] AndroidManifest.xml:13:17-124
226                android:value="com.google.firebase.components.ComponentRegistrar" />
226-->[com.google.mlkit:vision-common:16.3.0] AndroidManifest.xml:14:17-82
227            <meta-data
227-->[com.google.mlkit:common:17.1.1] AndroidManifest.xml:20:13-22:85
228                android:name="com.google.firebase.components:com.google.mlkit.common.internal.CommonComponentRegistrar"
228-->[com.google.mlkit:common:17.1.1] AndroidManifest.xml:21:17-120
229                android:value="com.google.firebase.components.ComponentRegistrar" />
229-->[com.google.mlkit:common:17.1.1] AndroidManifest.xml:22:17-82
230        </service>
231
232        <provider
232-->[com.google.mlkit:common:17.1.1] AndroidManifest.xml:9:9-13:38
233            android:name="com.google.mlkit.common.internal.MlKitInitProvider"
233-->[com.google.mlkit:common:17.1.1] AndroidManifest.xml:10:13-78
234            android:authorities="com.example.projectchicchic.mlkitinitprovider"
234-->[com.google.mlkit:common:17.1.1] AndroidManifest.xml:11:13-69
235            android:exported="false"
235-->[com.google.mlkit:common:17.1.1] AndroidManifest.xml:12:13-37
236            android:initOrder="99" />
236-->[com.google.mlkit:common:17.1.1] AndroidManifest.xml:13:13-35
237
238        <activity
238-->[com.google.android.gms:play-services-base:17.4.0] AndroidManifest.xml:23:9-26:75
239            android:name="com.google.android.gms.common.api.GoogleApiActivity"
239-->[com.google.android.gms:play-services-base:17.4.0] AndroidManifest.xml:24:13-79
240            android:exported="false"
240-->[com.google.android.gms:play-services-base:17.4.0] AndroidManifest.xml:25:13-37
241            android:theme="@android:style/Theme.Translucent.NoTitleBar" />
241-->[com.google.android.gms:play-services-base:17.4.0] AndroidManifest.xml:26:13-72
242
243        <provider
243-->[com.google.firebase:firebase-common:19.3.1] AndroidManifest.xml:26:9-31:39
244            android:name="com.google.firebase.provider.FirebaseInitProvider"
244-->[com.google.firebase:firebase-common:19.3.1] AndroidManifest.xml:27:13-77
245            android:authorities="com.example.projectchicchic.firebaseinitprovider"
245-->[com.google.firebase:firebase-common:19.3.1] AndroidManifest.xml:28:13-72
246            android:directBootAware="true"
246-->[com.google.firebase:firebase-common:19.3.1] AndroidManifest.xml:29:13-43
247            android:exported="false"
247-->[com.google.firebase:firebase-common:19.3.1] AndroidManifest.xml:30:13-37
248            android:initOrder="100" />
248-->[com.google.firebase:firebase-common:19.3.1] AndroidManifest.xml:31:13-36
249
250        <meta-data
250-->[com.google.android.gms:play-services-basement:17.4.0] AndroidManifest.xml:23:9-25:69
251            android:name="com.google.android.gms.version"
251-->[com.google.android.gms:play-services-basement:17.4.0] AndroidManifest.xml:24:13-58
252            android:value="@integer/google_play_services_version" />
252-->[com.google.android.gms:play-services-basement:17.4.0] AndroidManifest.xml:25:13-66
253
254        <activity android:name="com.paypal.android.sdk.payments.PaymentActivity" />
254-->[com.paypal.sdk:paypal-android-sdk:2.16.0] AndroidManifest.xml:13:9-84
254-->[com.paypal.sdk:paypal-android-sdk:2.16.0] AndroidManifest.xml:13:19-81
255        <activity android:name="com.paypal.android.sdk.payments.PaymentMethodActivity" />
255-->[com.paypal.sdk:paypal-android-sdk:2.16.0] AndroidManifest.xml:14:9-90
255-->[com.paypal.sdk:paypal-android-sdk:2.16.0] AndroidManifest.xml:14:19-87
256        <activity android:name="com.paypal.android.sdk.payments.PaymentConfirmActivity" />
256-->[com.paypal.sdk:paypal-android-sdk:2.16.0] AndroidManifest.xml:15:9-91
256-->[com.paypal.sdk:paypal-android-sdk:2.16.0] AndroidManifest.xml:15:19-88
257        <activity android:name="com.paypal.android.sdk.payments.LoginActivity" />
257-->[com.paypal.sdk:paypal-android-sdk:2.16.0] AndroidManifest.xml:16:9-82
257-->[com.paypal.sdk:paypal-android-sdk:2.16.0] AndroidManifest.xml:16:19-79
258        <activity android:name="com.paypal.android.sdk.payments.PayPalFuturePaymentActivity" />
258-->[com.paypal.sdk:paypal-android-sdk:2.16.0] AndroidManifest.xml:17:9-96
258-->[com.paypal.sdk:paypal-android-sdk:2.16.0] AndroidManifest.xml:17:19-93
259        <activity android:name="com.paypal.android.sdk.payments.FuturePaymentConsentActivity" />
259-->[com.paypal.sdk:paypal-android-sdk:2.16.0] AndroidManifest.xml:18:9-97
259-->[com.paypal.sdk:paypal-android-sdk:2.16.0] AndroidManifest.xml:18:19-94
260        <activity android:name="com.paypal.android.sdk.payments.FuturePaymentInfoActivity" />
260-->[com.paypal.sdk:paypal-android-sdk:2.16.0] AndroidManifest.xml:19:9-94
260-->[com.paypal.sdk:paypal-android-sdk:2.16.0] AndroidManifest.xml:19:19-91
261        <activity android:name="com.paypal.android.sdk.payments.PayPalProfileSharingActivity" />
261-->[com.paypal.sdk:paypal-android-sdk:2.16.0] AndroidManifest.xml:20:9-97
261-->[com.paypal.sdk:paypal-android-sdk:2.16.0] AndroidManifest.xml:20:19-94